,train_loss,test_loss,train_F1_score,test_F1_score
0,5.470484710408148,5.4860485952291915,0.11352485131690739,0.09663442655145325
1,5.471749086469133,5.487039477077882,0.1110822005097706,0.09788639041633936
2,5.470651887733245,5.4806322339755384,0.11223449447748514,0.10129860565593087
3,5.4682282634984665,5.474835491892117,0.11539401019541207,0.11008690102120973
4,5.472153788415071,5.484153341891161,0.11084855564995752,0.1007585428122545
5,5.468016099484167,5.482569744337851,0.1155161427357689,0.10036576983503534
6,5.466928575640527,5.477924866462821,0.11604184367034835,0.10441624116260802
7,5.46397462648766,5.476410837315801,0.11942438402718776,0.10472309505106048
8,5.464237270176968,5.481352332812636,0.1191323279524214,0.1021577965435978
9,5.4691939077644705,5.48751916102509,0.11259027187765505,0.09632757266300078
10,5.466063703554813,5.475142863259387,0.11744902293967714,0.10892085624509033
11,5.463127717347903,5.479756163127386,0.12129885301614272,0.10301698743126474
12,5.459926960847088,5.478066604528854,0.12404949022939676,0.10479673998428908
13,5.461042234830767,5.474423262610364,0.12269541206457094,0.10806166535742341
14,5.461696572170079,5.479841509861733,0.12181924384027187,0.10316427729772192
15,5.46290675279136,5.471642604514734,0.12052888700084961,0.11101973684210525
16,5.460123300998011,5.473634762550468,0.1229874681393373,0.11008690102120973
17,5.46115864192214,5.4790372350322665,0.12223343245539507,0.1033974862529458
18,5.458498302352763,5.478062882352231,0.12521240441801187,0.1044898860958366
19,5.456802551768651,5.474625854349848,0.12608857264231096,0.10744795758051846
20,5.460165941826651,5.474888246450851,0.12362999150382328,0.10838079340141399
21,5.454662356866854,5.475518614498537,0.12946580288870008,0.10712882953652789
22,5.458996448338588,5.468836008612789,0.12428313508920984,0.112971327572663
23,5.4557854527624965,5.479483714744227,0.12690632965165674,0.10300471327572663
24,5.453550677433192,5.471256761408564,0.13017204757858963,0.1117193637077769
25,5.454332507659342,5.473478135777943,0.12871707731520815,0.10884721131186174
26,5.453458326107988,5.470456340419712,0.13047472387425657,0.11281176355066772
27,5.4513341903686525,5.47238907529347,0.13233857264231094,0.11062696386488609
28,5.4514821070376955,5.469278161205462,0.13215802888700084,0.11530341712490182
29,5.453504453641232,5.4749334071999165,0.1300605352591334,0.10759524744697564
30,5.453166162187808,5.468571310612693,0.12998619371282924,0.11451787117046347
31,5.451233947611301,5.465299979964299,0.13220581988105354,0.1163835428122545
32,5.4472973074868465,5.465188392952307,0.13677251486830927,0.11833513354281226
33,5.449737071099682,5.4634098045861546,0.13414401019541206,0.1202008051846033
34,5.4506942945106,5.464107922653653,0.13256690739167373,0.11833513354281226
35,5.449328762125746,5.462010693194261,0.133267841971113,0.1215141398271799
36,5.4494665368695125,5.468112856594484,0.1340749787595582,0.11444422623723488
37,5.446892046705584,5.46526223510059,0.13682561597281223,0.11700952474469757
38,5.446704606029475,5.464987235282784,0.13654949022939675,0.1190347604084839
39,5.447664132519303,5.469639408054636,0.1362999150382328,0.11444422623723488
40,5.4479290498751345,5.471685968228241,0.1352538232795242,0.11202621759622937
41,5.446138750058468,5.4601572413942705,0.1364857689039932,0.12353937549096622
42,5.443704324347951,5.464398946335066,0.14034090909090907,0.11871563236449331
43,5.445672594943893,5.4641446569072665,0.13712829226847917,0.11996759622937943
44,5.4441580139587975,5.4617008237696405,0.13923109600679692,0.12144049489395128
45,5.4444254224545485,5.4657071561955695,0.1396877655055225,0.11855606834249803
46,5.442352950907199,5.459559280480912,0.14138169073916737,0.1225328947368421
47,5.4447999018375,5.460853993003048,0.1385248513169074,0.12291339355852318
48,5.443848919200006,5.470300129990079,0.1388859388275276,0.11373232521602514
49,5.440776047751168,5.460009240392429,0.1427304587935429,0.12291339355852318
50,5.441764839564528,5.468585665546247,0.14128079864061172,0.11451787117046347
51,5.438181074088979,5.460629683821948,0.14559791843670347,0.12128093087195602
52,5.437827495325392,5.469084711217168,0.14653780798640612,0.11381824430479183
53,5.4383058744056205,5.4687435520229055,0.14705288870008495,0.11459151610369206
54,5.437819366811592,5.458664687711801,0.14541206457094308,0.12485271013354281
55,5.439527016933833,5.463689967767516,0.1439517841971113,0.11980803220738412
56,5.438901924418512,5.460013592421119,0.1439624044180119,0.12275382953652789
57,5.437387656274243,5.458996577049369,0.1471750212404418,0.12377258444619009
58,5.437596162457332,5.463565043549039,0.14548640611724722,0.1177950706991359
59,5.437697933767444,5.462680019549469,0.14582094307561597,0.12050765907305576
60,5.435083396412502,5.462781995090086,0.14909728122344945,0.12027445011783189
61,5.435200586051584,5.455496766673985,0.14857158028887002,0.12890318146111546
62,5.440631685524344,5.4571818736062125,0.14302782497875954,0.12711115475255302
63,5.434967750478013,5.4559440861887,0.1489804587935429,0.1272707187745483
64,5.433157083030059,5.452188929515098,0.15055225148683093,0.13279408876669285
65,5.431730279298586,5.460457655920911,0.15166737468139338,0.12112136684996072
66,5.432995526144437,5.459751844406128,0.15003717077315207,0.1226065396700707
67,5.43426052253937,5.454817131384095,0.14945836873406965,0.12766349175176747
68,5.434385266705094,5.4594630554540835,0.14933623619371283,0.12361302042419482
69,5.4335277272162035,5.461885822353079,0.15014868309260831,0.1202008051846033
70,5.432188634783308,5.456819783395796,0.15032922684791844,0.12657109190887667
71,5.428719766563344,5.457620595818136,0.15528355989804588,0.12563825608798113
72,5.42947793407975,5.452055550333279,0.15400382327952422,0.13254860565593088
73,5.431237961421503,5.453611569618111,0.15207625318606627,0.12913639041633934
74,5.4311090201975025,5.4624613754784885,0.15254885301614274,0.11918205027494108
75,5.429524053591434,5.454822433528616,0.15406223449447748,0.12827719952867245
76,5.429677447203164,5.455733797443447,0.15372238742565844,0.12804399057344856
77,5.426360034942627,5.452523017997172,0.1570465165675446,0.13123527101335428
78,5.427124908482917,5.452477732701088,0.15628186066270178,0.1307688531029065
79,5.428363637835066,5.452683089384392,0.1558623619371283,0.131075706991359
80,5.4275929647071335,5.448663843211843,0.15617034834324553,0.1358258051846033
81,5.426400785357038,5.4540397765031505,0.15675977060322854,0.1296028083267871
82,5.4251864201554625,5.457756487291251,0.1580926083262532,0.12594510997643363
83,5.427344424702297,5.453529397053505,0.15593139337298215,0.12921003534956796
84,5.4236087157347495,5.44714035204987,0.1602538232795242,0.13799833071484682
85,5.424990288565092,5.452195897031186,0.15909621920135938,0.1321681068342498
86,5.427452795973448,5.448196500094969,0.15715802888700084,0.13543303220738412
87,5.425150160923183,5.44823356884629,0.15844307561597282,0.13419334249803613
88,5.424252447680892,5.4508870110582945,0.15925552251486833,0.13394785938727416
89,5.422641846843969,5.45349787242377,0.16094944774851316,0.13014287117046347
90,5.422217294211699,5.4535101100580015,0.16065208156329652,0.1275775726630008
91,5.42074419449423,5.448997287607905,0.1631159728122345,0.13380056952081695
92,5.425681229172466,5.455662488937378,0.15774214103653356,0.12765121759622938
93,5.424739967774008,5.451894446985046,0.15874044180118946,0.12897682639434407
94,5.426794985298798,5.459265947341919,0.15680225148683094,0.12368666535742341
95,5.422957657430773,5.453905493465822,0.16019010195412065,0.12897682639434407
96,5.422172851205986,5.4506377782394635,0.16149107901444348,0.13232767085624508
97,5.423296621803925,5.451891532584803,0.15944137638062872,0.12998330714846817
98,5.4248416454992565,5.449562955258497,0.15856520815632966,0.13425471327572663
99,5.419764262047884,5.443592658683436,0.16364698385726423,0.1394712293794187
100,5.420052078282722,5.449366526817208,0.16376911639762107,0.13270816967792617
101,5.420820334247339,5.449726916071194,0.16253186066270178,0.13396013354281225
102,5.421997554279933,5.448918531190103,0.16095475785896346,0.13504025923016497
103,5.418974037705181,5.449261907321303,0.16435853865760408,0.13380056952081695
104,5.42404429266386,5.452454111469326,0.15914932030586235,0.129836017282011
105,5.424309225171526,5.453312254663723,0.15931393372982158,0.12766349175176747
106,5.41865940272251,5.448260136504672,0.16491610025488532,0.13480705027494108
107,5.418523662781047,5.451216064282318,0.16486830926083262,0.13254860565593088
108,5.42055247119654,5.442814278958449,0.16277612574341546,0.1416560290652003
109,5.417432709275005,5.442977332357151,0.16563296516567544,0.14033042026708561
110,5.414133054073726,5.4422896264204335,0.16884027187765505,0.14110369206598586
111,5.416126025725748,5.446008892201665,0.1677251486830926,0.13862431264728986
112,5.418331099893445,5.443058362647669,0.16509664401019541,0.13900481146897095
113,5.413753471196255,5.4459999532841925,0.1697642310960068,0.13776512175962294
114,5.414778253965289,5.448813324543967,0.16901550552251488,0.13550667714061274
115,5.419829882862412,5.437686489589178,0.16416737468139336,0.14778083267871173
116,5.418261057416969,5.447873816561343,0.16538870008496176,0.13643951296150825
117,5.417715262475415,5.448466332990732,0.16469307561597282,0.13511390416339356
118,5.41588775153472,5.446620916252706,0.16766142735768905,0.137151413982718
119,5.4147974825351035,5.446471577260032,0.16796941376380628,0.1369795758051846
120,5.4136933513890915,5.443348582111188,0.17012000849617673,0.14017085624509035
121,5.418365717379847,5.444702408206997,0.1653355989804588,0.13900481146897095
122,5.414675305268474,5.45008102459694,0.16907391673746813,0.13371465043205027
123,5.410067039561049,5.44158070834715,0.17323173322005098,0.14157010997643363
124,5.416166298411717,5.437031742352159,0.16702952421410366,0.14632020816967792
125,5.410722953582479,5.442934068281259,0.17357158028887001,0.14273615475255302
126,5.411214123485244,5.441732118378824,0.17326890399320308,0.141496465043205
127,5.4088511431328605,5.439786327418997,0.1743840271877655,0.14312892772977218
128,5.412525903398746,5.443919779649422,0.17070412064570945,0.13923802042419484
129,5.411341510309237,5.447638198510925,0.17205288870008495,0.1371391398271799
130,5.408437570233211,5.445464201827548,0.17526550552251485,0.13767920267085623
131,5.410959630591847,5.437121448232166,0.1723555649957519,0.14686027101335428
132,5.40873724589838,5.446908046950155,0.17473449447748512,0.13643951296150825
133,5.407957606449306,5.445580742252407,0.17508496176720476,0.1369918499607227
134,5.411108585607225,5.444421540445356,0.17134664401019542,0.13745826787117046
135,5.40884345936998,5.435622699225127,0.1742034834324554,0.1475598978790259
136,5.408991196890858,5.4425093914145855,0.1743893372982158,0.14033042026708561
137,5.406076942871664,5.439194526245345,0.17836129991503824,0.14250294579732914
138,5.40844145623323,5.44652466987496,0.17514868309260834,0.13636586802827966
139,5.40652974476324,5.449757127619502,0.17743734069668649,0.13426698743126472
140,5.405098357156058,5.445268253781903,0.17835598980458794,0.13900481146897095
141,5.408232459843716,5.441814187747329,0.17509027187765505,0.1405636292223095
142,5.407400902186598,5.443791183073129,0.17637000849617673,0.13783876669285153
143,5.409132099151611,5.444403908145961,0.17462298215802888,0.13706549489395128
144,5.410060014457346,5.443856360307381,0.17269541206457095,0.13885752160251374
145,5.406432513655903,5.4516083197807195,0.1774320305862362,0.13146847996857816
146,5.408256193856213,5.444753173571914,0.17572217502124046,0.13877160251374707
147,5.405437649521872,5.439143070534094,0.1780586236193713,0.14366899057344856
148,5.404535044019467,5.440174718401325,0.17830819881053525,0.14328849175176747
149,5.407246342774863,5.431713549058829,0.1761469838572642,0.15207678711704634
150,5.4084691698306075,5.4468668966150995,0.174803525913339,0.13558032207384133
151,5.4031316792853525,5.441643380407077,0.18003929481733222,0.14164375490966222
152,5.403352494106114,5.439065783771117,0.17999681393372982,0.14452818146111546
153,5.405060119272393,5.438860679740336,0.17871176720475784,0.1420365278868814
154,5.404445004686017,5.439716655816605,0.1790144435004248,0.14382855459544383
155,5.405881252467076,5.438619990847004,0.17749044180118945,0.1441354084838963
156,5.403257574990531,5.439964568437035,0.17958793542905693,0.14219609190887667
157,5.404925841037358,5.44199967740187,0.17877548853016142,0.14079683817753338
158,5.398678732363977,5.435662447516598,0.18517948173322007,0.14686027101335428
159,5.4013791307110655,5.435136492572614,0.18239167374681392,0.1491187156323645
160,5.402529569429772,5.434414660752709,0.1804056924384027,0.1501251963864886
161,5.4046368331552666,5.435733659943538,0.17882327952421412,0.14600108012568735
162,5.4050670178137095,5.446525559496524,0.17800552251486831,0.13534711311861744
163,5.4004056823587865,5.438595707736798,0.18332094307561597,0.1442949725058916
164,5.401511720853431,5.432646708701974,0.18274214103653355,0.1505179693637078
165,5.404026576960198,5.442324207789862,0.17999681393372982,0.13971671249018067
166,5.402813243865967,5.4443211199632335,0.18071367884451997,0.13885752160251374
167,5.40216567939687,5.433840972274097,0.18087829226847918,0.14865229772191674
168,5.403776424621867,5.440410375595093,0.17951890399320306,0.14234338177533384
169,5.403158163801532,5.433946691342254,0.17969944774851318,0.14802631578947367
170,5.3998213028239315,5.4396816011685045,0.1834483857264231,0.1428957187745483
171,5.3966976816409105,5.428773541948688,0.18722918436703484,0.15455616653574233
172,5.402197804852067,5.438493362113611,0.1806340271877655,0.14444226237234878
173,5.400763403812301,5.436983197482665,0.18232795242141037,0.14585379025923018
174,5.396681892537625,5.448495804373898,0.18724511469838573,0.135666241162608
175,5.396766372930224,5.4388599324582225,0.18724511469838573,0.14374263550667712
176,5.398706404070988,5.435355054798411,0.18496176720475785,0.14748625294579734
177,5.39773303682559,5.429256905370684,0.18524851316907393,0.15471573055773763
178,5.398699438683341,5.432380711854393,0.1854874681393373,0.15098438727415553
179,5.397508516935544,5.428911735762411,0.1850679694137638,0.15525579340141396
180,5.394970867121331,5.437571151932674,0.1892841971112999,0.14515416339355852
181,5.398170147655166,5.428913842386274,0.1858804163126593,0.15455616653574233
182,5.400317541461124,5.437047588291453,0.18379354290569244,0.14616064414768262
183,5.397364905170191,5.43075548712887,0.18547684791843672,0.15229772191673213
184,5.397905135823187,5.430640231317549,0.186124681393373,0.1527027690494894
185,5.3975734345266755,5.4311281104586016,0.18554056924384027,0.15347604084838962
186,5.3965083906583695,5.431999615768888,0.18701146983857264,0.15222407698350351
187,5.395301519376095,5.429774156257288,0.18777081563296516,0.15299734878240379
188,5.400052673125935,5.42991425030267,0.18239698385726422,0.1539301846032993
189,5.398393616720894,5.438529647997956,0.18500955819881054,0.14467547132757266
190,5.3955878721219355,5.437790973862605,0.1878770178419711,0.14514188923802043
191,5.395734871659323,5.429370139961812,0.18704333050127442,0.15362333071484682
192,5.391773166834751,5.43488304294757,0.19184898045879353,0.14833316967792617
193,5.395565245084674,5.429176931950583,0.18735662701784198,0.15206451296150825
194,5.397894570537817,5.425287317873827,0.18577421410365336,0.1575142380204242
195,5.396012536164756,5.433264888934235,0.18723449447748514,0.14965877847604084
196,5.397113879373141,5.432157370581556,0.1858963466440102,0.15167173998428907
197,5.390943681413882,5.436653019776985,0.19208793542905692,0.1463938531029065
198,5.386891348116865,5.4284027903827266,0.19745114698385727,0.15432295758051845
199,5.393480215340017,5.4364700993495205,0.19021346644010195,0.14763354281225452
200,5.3948962960287785,5.43261217003438,0.18897090059473237,0.15043205027494108
201,5.395790936122431,5.427234571371505,0.18700084961767205,0.15595542026708561
202,5.3908274525793916,5.434322481724753,0.19207731520815632,0.14833316967792617
203,5.392837957578284,5.442709018935019,0.18979396771452847,0.14063727415553812
204,5.391534549499227,5.4357869767431,0.19179056924384028,0.1490450706991359
205,5.394281772363966,5.433492696107323,0.18857264231096008,0.14949921445404557
206,5.390381745311702,5.4345951934358965,0.192374681393373,0.14872594265514533
207,5.394164204820294,5.425663400052199,0.18862574341546307,0.15696190102120974
208,5.392460990620551,5.4322638903091205,0.1905161427357689,0.15050569520816967
209,5.392959029652248,5.431931193195172,0.1903196686491079,0.15075117831893167
210,5.3934475203540835,5.4341347217559814,0.18937977909940526,0.1480999607227023
211,5.389647539085317,5.428299010689579,0.19395178419711132,0.15384426551453262
212,5.389686578233666,5.42728164302769,0.19401550552251487,0.15642183817753338
213,5.389522635379684,5.429758762245748,0.1937234494477485,0.15229772191673213
214,5.395372768651659,5.427625001366459,0.1878876380628717,0.15385653967007068
215,5.394769662340111,5.426978723326726,0.18781329651656756,0.15595542026708561
216,5.386731445455106,5.4349136281369335,0.19628823279524216,0.14795267085624508
217,5.39273449104523,5.4297626623466835,0.19144541206457094,0.1536969756480754
218,5.393129853221858,5.433624182174455,0.18969307561597282,0.14949921445404557
219,5.391449230408,5.43497244279776,0.19249681393372983,0.14879958758837392
220,5.392949854770554,5.436115268451064,0.1903302888700085,0.14607472505891594
221,5.3889812157532875,5.437380605669164,0.19383496176720477,0.1463938531029065
222,5.388457255497157,5.434238252355091,0.19494477485131692,0.14802631578947367
223,5.393624789692531,5.4360612470712235,0.18940632965165674,0.14616064414768262
224,5.388421409820842,5.423830498510332,0.19551826677994905,0.1586680086410055
225,5.389275989354214,5.434321770027502,0.1937659303313509,0.1488732325216025
226,5.385589529197906,5.43502503010764,0.19717502124044178,0.14811223487824035
227,5.384777249131247,5.428266564411904,0.1977485131690739,0.1539301846032993
228,5.390541087355569,5.432086773772738,0.19307561597281223,0.15050569520816967
229,5.3855762508427985,5.429372972516871,0.19745645709430756,0.15308326787117046
230,5.385321653669125,5.437536652408429,0.19886363636363635,0.1444545365278869
231,5.391515661400055,5.435534914927696,0.1925552251486831,0.14802631578947367
232,5.386681628895698,5.431151582233942,0.1965749787595582,0.15222407698350351
233,5.386697724600818,5.425417031814803,0.19646346644010196,0.15719510997643363
234,5.387309331983049,5.423199778172507,0.19600679694137638,0.15922034564021995
235,5.385983882440585,5.433192584052015,0.19685641461342396,0.15089846818538885
236,5.388884604088614,5.43228223074728,0.1934951146983857,0.1501988413197172
237,5.388249100480124,5.430387884823244,0.19530055225148682,0.15206451296150825
238,5.387276649475098,5.4263455013730635,0.19605458793542907,0.1573546739984289
239,5.385777751530442,5.432330547873653,0.19721750212404418,0.1514508051846033
240,5.3876366793552295,5.429517397240026,0.19611299915038233,0.15292370384917517
241,5.391366076246601,5.431114801720007,0.19169498725573492,0.1501251963864886
242,5.385178481306985,5.430398400150128,0.19816270178419712,0.15253093087195602
243,5.383377121542102,5.427095715679339,0.20014337298215804,0.15588177533385703
244,5.390251063409253,5.43398809788832,0.1921463466440102,0.14709347996857816
245,5.3870706950392675,5.430333365255327,0.19600148683092608,0.15175765907305577
246,5.386518607629794,5.429990095878715,0.19726529311809685,0.15269049489395128
247,5.387147239435499,5.433517573484734,0.19629354290569243,0.14857865278868812
248,5.385180035706992,5.433778275304766,0.19829014443500423,0.14949921445404557
249,5.388846274402654,5.421685215252549,0.19465271877655055,0.1608528083267871
250,5.384676796030775,5.422438098423517,0.1986193712829227,0.15891349175176747
251,5.381926205002259,5.4208695995273875,0.20072217502124046,0.1631848978790259
252,5.383716609099201,5.431694778043832,0.19945836873406966,0.15175765907305577
253,5.39359246726348,5.4286524680123405,0.18930012744265082,0.15439660251374707
254,5.387727526192353,5.421918239166487,0.19547578589634665,0.16031274548311075
255,5.387527579904717,5.427835272319281,0.19564570943075615,0.15532943833464258
256,5.390339263131685,5.426067387879784,0.19278355989804588,0.157121465043205
257,5.388614829232759,5.429286341168988,0.19471112999150383,0.15253093087195602
258,5.391786079763252,5.427607276546421,0.1913816907391674,0.1549366653574234
259,5.383957225585652,5.425242555675222,0.19915038232795243,0.15891349175176747
260,5.387849763175037,5.424453020095825,0.19487574341546304,0.15906078161822468
261,5.385479094603351,5.421600395174169,0.1977538232795242,0.16054595443833464
262,5.383340844484133,5.4288554191589355,0.20054694137638063,0.15269049489395128
263,5.38568535207588,5.430979098846663,0.19746176720475786,0.15229772191673213
264,5.386892141359989,5.422674218220497,0.19630416312659302,0.16031274548311075
265,5.380107126503347,5.423314425482679,0.20377017841971112,0.15914670070699136
266,5.384495299330381,5.425177129346933,0.19838572642310962,0.15836115475255302
267,5.38569766427869,5.431980716648386,0.19703695836873408,0.151291241162608
268,5.382748449628599,5.424913310292942,0.20072748513169075,0.15929399057344856
269,5.38609835098837,5.424576599206498,0.19705288870008497,0.1574283189316575
270,5.385016239914939,5.424595747421037,0.19815739167374682,0.15812794579732914
271,5.382570084010329,5.425721513691233,0.20055225148683092,0.15681461115475256
272,5.385176844908813,5.4306059986797734,0.198624681393373,0.15098438727415553
273,5.381961674556554,5.424568884408296,0.20073279524214102,0.15922034564021995
274,5.381080105148743,5.430885215303791,0.20172578589634665,0.1524572859387274
275,5.390093428175026,5.431887637323408,0.1925446049277825,0.15299734878240379
276,5.381789145959872,5.429539264138065,0.20171516567544606,0.15315691280439905
277,5.381528062909563,5.421893166072333,0.20194881053525915,0.15968676355066772
278,5.3817073367466435,5.429915061637537,0.20126380628717078,0.15323055773762767
279,5.384765599152752,5.427472274694869,0.19845475785896347,0.15556264728986646
280,5.380375708820664,5.428378838211743,0.2030108326253186,0.15432295758051845
281,5.380535465311781,5.4308160240970444,0.20289401019541206,0.15223635113904163
282,5.377991742285612,5.428429486146614,0.2052835598980459,0.15432295758051845
283,5.379176243220535,5.42825650457126,0.2038338997451147,0.15541535742340928
284,5.378970230851218,5.4278058222870325,0.20378079864061172,0.15292370384917517
285,5.379283394323331,5.432459863264169,0.204179056924384,0.1501988413197172
286,5.379813603374446,5.418874815328797,0.203000212404418,0.1632708169677926
287,5.382341515906504,5.41920124594845,0.2002017841971113,0.16309897879025922
288,5.382860227388757,5.4302021567501235,0.20044073916737468,0.15229772191673213
289,5.381900302494798,5.427845986921396,0.20172047578589636,0.15525579340141396
290,5.383609252109705,5.4260419020012245,0.19909728122344944,0.1561149842890809
291,5.381944077037205,5.43005480339278,0.2010089209855565,0.15432295758051845
292,5.3814495122321295,5.424900923202287,0.202070943075616,0.15890121759622938
293,5.378149735816171,5.426630208741373,0.205411002548853,0.15471573055773763
294,5.377126601923292,5.430789168201276,0.20609600679694137,0.1514508051846033
295,5.380163418243979,5.426357674954542,0.20289401019541206,0.15626227415553812
296,5.379188096411874,5.418485328332702,0.20347281223449448,0.1657501963864886
297,5.3826486088405145,5.430900758771754,0.19986193712829226,0.15043205027494108
298,5.384454453548538,5.4227086109901546,0.19833262531860663,0.16022682639434407
299,5.378126435859181,5.427280831692824,0.20516142735768905,0.15439660251374707
300,5.376356413654078,5.418960795473697,0.20802888700084962,0.1624116260801257
301,5.376090115698698,5.417873688598178,0.20796516567544607,0.16535742340926946
302,5.3735977377846975,5.422756074079826,0.21030692438402718,0.16046003534956796
303,5.376801339265342,5.418404223313972,0.2072642310960068,0.16535742340926946
304,5.380428562877334,5.42464992893276,0.20277718776550552,0.16030047132757266
305,5.377783860892893,5.423824570072231,0.20499681393372982,0.15798065593087196
306,5.374299723188454,5.424981312965279,0.20925552251486831,0.15767380204241946
307,5.376905722038768,5.421093428312843,0.20662170773152083,0.1622520620581304
308,5.378757353809393,5.414711236953735,0.2050446049277825,0.16869599371563235
309,5.376763842039019,5.41707354872974,0.20669073916737468,0.16435094265514533
310,5.379123496117993,5.426929829725578,0.204232158028887,0.1561149842890809
311,5.383413826416586,5.422420120950955,0.19950084961767206,0.16015318146111546
312,5.3771137647539655,5.423503836589073,0.2062712404418012,0.15929399057344856
313,5.378529485363827,5.4190838123435405,0.2044604927782498,0.1646577965435978
314,5.372960584408769,5.418559832359428,0.21006796941376382,0.1658238413197172
315,5.378378956340184,5.417904761300158,0.2052198385726423,0.16512421445404557
316,5.375717923351537,5.424646448733202,0.20791737468139337,0.1585943637077769
317,5.3797435849626485,5.424772817697098,0.20243203058623618,0.15626227415553812
318,5.378674547248911,5.4172438685573745,0.20434898045879354,0.16403181461115474
319,5.375497753820687,5.418070981751627,0.20791737468139337,0.16505056952081695
320,5.37040695119127,5.420007983250405,0.21305756159728123,0.1622520620581304
321,5.380930373824645,5.422636907492111,0.2024267204757859,0.16046003534956796
322,5.376051010595304,5.422425878581716,0.20716333899745115,0.1597726826394344
323,5.37639357308361,5.422822653357662,0.2074394647408666,0.15952719952867245
324,5.379026479810197,5.4182475502811265,0.20454014443500423,0.16512421445404557
325,5.3769333990934856,5.418494245899257,0.20633496176720476,0.16411773369992144
326,5.3757654929829535,5.4258016863865635,0.20674915038232794,0.15758788295365278
327,5.373847342874402,5.4272958342708755,0.21008389974511468,0.15478937549096622
328,5.373376868595587,5.4194370490401536,0.20954757858963466,0.16365131578947367
329,5.37778510601721,5.429683699536679,0.20475785896346643,0.1524572859387274
330,5.3726406632182755,5.417456666035439,0.21108220050977058,0.16613069520816967
331,5.374045354183589,5.421515201454732,0.20920242141036532,0.16185928908091124
332,5.377658033816614,5.425131641217132,0.20535259133389974,0.15789473684210528
333,5.376000991714335,5.42602187484058,0.2062818606627018,0.15541535742340928
334,5.381779640411662,5.422668442797305,0.2012053950722175,0.16031274548311075
335,5.378803889550896,5.42823845948746,0.20436491079014443,0.15416339355852318
336,5.379314926183112,5.421946998852403,0.2040622344944775,0.16061959937156323
337,5.373193107141512,5.418953721203021,0.20978122344944775,0.1647437156323645
338,5.377084586776306,5.421460834901724,0.2056446474086661,0.16077916339355852
339,5.3760983235368105,5.415305489924417,0.20657391673746814,0.1672230950510605
340,5.379610199794591,5.419863540734818,0.20294180118946475,0.16435094265514533
341,5.374465498523177,5.415124430585263,0.2094891673746814,0.16768951296150825
342,5.37826078985339,5.4219224559727,0.2052304587935429,0.1620188531029065
343,5.374757051022253,5.4226463303637145,0.20832625318606626,0.1588275726630008
344,5.368857255383072,5.413803488460939,0.21463466440101953,0.17002160251374707
345,5.3748380687749275,5.421629763361233,0.20820412064570942,0.16077916339355852
346,5.3735430681816885,5.426128914107138,0.20913338997451147,0.1561886292223095
347,5.3734271575357315,5.4175580152824745,0.20943075615972812,0.1659834053417125
348,5.373607861884286,5.419643498178738,0.20961129991503824,0.16287804399057346
349,5.369655228552417,5.417397129001902,0.21381690739167375,0.16652346818538885
350,5.37338164320616,5.429649861890878,0.21003079864061172,0.1536969756480754
351,5.37006684686536,5.426731938746438,0.2130681818181818,0.15462981146897095
352,5.372669643330797,5.422589152606566,0.21042905692438402,0.15906078161822468
353,5.3687143209938695,5.416759138676658,0.21440101954120647,0.1659834053417125
354,5.3686754494069895,5.425577989265101,0.21428419711129992,0.1561886292223095
355,5.371259013737474,5.421532748350456,0.2117194137638063,0.16046003534956796
356,5.374290919081073,5.418920972454014,0.20850679694137636,0.16497692458758836
357,5.3712597695466515,5.418538324868501,0.2127017841971113,0.1658238413197172
358,5.36817333542298,5.420442929908411,0.21527718776550553,0.1631848978790259
359,5.372716312764961,5.418955162389954,0.2107158028887001,0.16194520816967792
360,5.373012959845712,5.423746226438835,0.21030692438402718,0.1585207187745483
361,5.372276439845005,5.4134955797622455,0.2114804587935429,0.170267085624509
362,5.37032970535421,5.415750880739582,0.21235662701784197,0.16761586802827966
363,5.372577951556054,5.420426681860169,0.21054056924384026,0.16233798114689707
364,5.3721490405430306,5.420284000795279,0.2108910365335599,0.16146651610369206
365,5.372929828857707,5.426753513848603,0.20983432455395074,0.15588177533385703
366,5.367630916666762,5.4186858347992395,0.21568075615972812,0.1658238413197172
367,5.367940782386566,5.425299231685809,0.21561703483432457,0.1574283189316575
368,5.375580063935752,5.426022184428884,0.20686597281223448,0.15681461115475256
369,5.374359309116256,5.421030937735714,0.20861299915038234,0.1613069520816968
370,5.377491037422251,5.419533679734415,0.20551720475785898,0.16286576983503534
371,5.372197059381788,5.4195514401393154,0.211661002548853,0.16413000785545953
372,5.369269272100145,5.417616136038482,0.21439570943075617,0.16451050667714062
373,5.3671920491156175,5.421677027175676,0.2159303313508921,0.16185928908091124
374,5.368076858342251,5.414486739172864,0.2149214103653356,0.16752994893951295
375,5.3666203463188955,5.416059248483003,0.21674277824978758,0.16528377847604084
376,5.373317954696227,5.41719824164661,0.21024851316907392,0.16481736056559307
377,5.371916122971294,5.424119177149303,0.21131053525913338,0.157121465043205
378,5.375064617228285,5.429498537262874,0.208267841971113,0.15401610369206598
379,5.370129343728038,5.4208023797220255,0.21304694137638064,0.1622520620581304
380,5.369494979181022,5.416802142983053,0.21504885301614274,0.16629025923016497
381,5.368854150148196,5.425360587105822,0.21399214103653355,0.15790701099764334
382,5.363330528223626,5.416801730198647,0.21965271877655054,0.16589748625294579
383,5.3697393248014365,5.41667366027832,0.21317438402718777,0.16777543205027495
384,5.368880262107493,5.4128706384060985,0.21375318606627017,0.16924833071484682
385,5.368096028087295,5.410071020695701,0.21516036533559899,0.17283238413197172
386,5.366853900267699,5.413277366268101,0.21650382327952422,0.16924833071484682
387,5.368079884252816,5.410166519791333,0.2147036958368734,0.17228004713275727
388,5.368073071274802,5.4158151968201595,0.21574978759558197,0.16644982325216023
389,5.367802559326742,5.418725088461121,0.21456032285471538,0.16442458758837392
390,5.368939197397678,5.4214232430529234,0.21357264231096007,0.16092645326001573
391,5.368700162049766,5.4158711041977154,0.21440101954120647,0.16629025923016497
392,5.372058545763247,5.417562993604745,0.21124681393372982,0.16419137863315006
393,5.366852311998884,5.42712803385151,0.21625955819881054,0.15440887666928513
394,5.376064763113717,5.418239682468016,0.20698279524214103,0.16451050667714062
395,5.365675302309411,5.414118407377556,0.2177304587935429,0.17088079340141396
396,5.364241898616898,5.406867482768956,0.2185482158028887,0.17732472505891594
397,5.366223261289507,5.422257067552254,0.2179534834324554,0.16147879025923018
398,5.3680518783141515,5.420231691047327,0.2147461767204758,0.1634917517674784
399,5.368646101194007,5.415696620941162,0.21446474086661002,0.16668303220738412
400,5.370391101480644,5.413575877004595,0.21304694137638064,0.16994795758051845
401,5.369037022991715,5.413261833475597,0.21435322854715377,0.17002160251374707
402,5.361804983549029,5.410378957862284,0.22124044180118946,0.17391250981932443
403,5.365505108877877,5.414610798679181,0.21739061172472388,0.16869599371563235
404,5.358471739403555,5.4210796142692,0.2256106627017842,0.16046003534956796
405,5.367608659512529,5.414595781867184,0.21538870008496178,0.16854870384917517
406,5.364993442998868,5.413897667358171,0.21760832625318607,0.16862234878240379
407,5.365817792838979,5.421013042108337,0.21661002548853017,0.16311125294579734
408,5.367437753053469,5.420566014389493,0.21526656754460494,0.16381087981146897
409,5.363970310888558,5.410219420248003,0.21906860662701785,0.1719731932443048
410,5.366417294796382,5.416505279825695,0.21687022090059474,0.16589748625294579
411,5.359761147187135,5.4244139585922015,0.22421410365335598,0.1585943637077769
412,5.364347071068309,5.4111627037845444,0.2183729821580289,0.1729060290652003
413,5.363761021266474,5.4185781514466695,0.21853759558198813,0.1635040259230165
414,5.365292197967244,5.414635640471729,0.21830395072217504,0.1680822859387274
415,5.3627914009807265,5.416479630256767,0.22088466440101953,0.16505056952081695
416,5.36538529173236,5.416605561526854,0.21761363636363637,0.16698988609583662
417,5.3642694500005135,5.4164176307507415,0.21772514868309262,0.16528377847604084
418,5.3660291983702475,5.416673663836806,0.2163338997451147,0.16481736056559307
419,5.366649552817656,5.41454342585891,0.2171410365335599,0.16770178711704634
420,5.369102014559451,5.4154301152300475,0.21381690739167375,0.16761586802827966
421,5.363599588269385,5.407394711651019,0.2193075615972812,0.1744525726630008
422,5.367179655805926,5.418512319450948,0.21498513169073916,0.1647437156323645
423,5.367085060226583,5.412188405421243,0.21568606627017842,0.17057393951296151
424,5.363268845994896,5.401966909864056,0.2205448173322005,0.18044236056559307
425,5.365675779146569,5.413172736096738,0.2171357264231096,0.17034073055773763
426,5.368551185643562,5.414878197570346,0.21527187765505523,0.16878191280439905
427,5.366733381681353,5.412071836528494,0.21655692438402718,0.1729796739984289
428,5.367687679896845,5.41849742718597,0.2151550552251487,0.16528377847604084
429,5.362980465577028,5.418709071714487,0.22023152081563296,0.16395816967792617
430,5.369473618658904,5.4174323081970215,0.21364167374681392,0.16419137863315006
431,5.363927781470468,5.4127024856965935,0.21919073916737467,0.1693219756480754
432,5.364088241184984,5.415266481798087,0.21890399320305862,0.16745630400628436
433,5.368728258899439,5.419787122242487,0.21422047578589634,0.1624116260801257
434,5.362056213450209,5.415660235419202,0.22105458793542906,0.16770178711704634
435,5.3610118946182395,5.422140434606751,0.2226210705182668,0.16038639041633934
436,5.370039185853762,5.417839644560173,0.21318500424808834,0.16544334249803613
437,5.3620051508751985,5.409338442247305,0.220767841971113,0.17282010997643363
438,5.36112123025912,5.407636749210642,0.22245114698385726,0.17499263550667712
439,5.36359180646522,5.413102484461087,0.2193765930331351,0.16878191280439905
440,5.356958998029477,5.415045019405992,0.22619477485131692,0.16653574234092694
441,5.36102020941048,5.405023137135292,0.22188296516567543,0.17755793401413983
442,5.363843640657229,5.420705941186022,0.21999787595581988,0.16185928908091124
443,5.358730288532293,5.412083800159284,0.22520709430756158,0.16994795758051845
444,5.361765585213064,5.416536996613687,0.22169711129991504,0.164805086410055
445,5.358725116408874,5.4023642255299125,0.2247875955819881,0.18067556952081695
446,5.362178012812249,5.412963863629014,0.2205341971112999,0.17088079340141396
447,5.361695456282001,5.41376435578759,0.22181924384027188,0.1683891398271799
448,5.3592502718773956,5.417065677358143,0.2236299915038233,0.16489100549882169
449,5.363344213004424,5.418123465865405,0.21983326253186067,0.16427729772191674
450,5.354433506225871,5.41333936221564,0.22846219201359388,0.17041437549096622
451,5.362454007050701,5.413583830221375,0.2204120645709431,0.16784907698350351
452,5.361239022406462,5.417960109995373,0.22146346644010195,0.16388452474469756
453,5.3594215063291175,5.416673165648731,0.22403887000849618,0.16426502356637862
454,5.359831701260861,5.405629364412222,0.22312022090059475,0.17748428908091124
455,5.363597482164329,5.413269722639625,0.21971112999150383,0.16885555773762767
456,5.358982971227058,5.405484929013608,0.2235768903993203,0.1778770620581304
457,5.36182884768905,5.4185435807527,0.221357264231096,0.16427729772191674
458,5.360856320924848,5.413219900273565,0.22210067969413763,0.16892920267085623
459,5.360837407869713,5.415290245369299,0.2217661427357689,0.1680822859387274
460,5.363236915730984,5.41411970622504,0.21982795242141037,0.1693219756480754
461,5.361597328542549,5.413973644598206,0.2213997451146984,0.16901512175962294
462,5.362231379357453,5.4114134738694375,0.22087935429056924,0.17048802042419484
463,5.361564621078633,5.418533079659761,0.22169180118946474,0.16363904163393558
464,5.3562057637722695,5.413947863365287,0.22643372982158028,0.1693219756480754
465,5.35969893820932,5.41170306348089,0.22350785896346645,0.1707212293794187
466,5.365497307465455,5.41685935988355,0.2183623619371283,0.16621661429693635
467,5.361260735877206,5.418108961475429,0.22099617672047578,0.1631848978790259
468,5.362076286957643,5.410466649639073,0.22070412064570943,0.17367930086410055
469,5.362631394038691,5.414461683871141,0.2205926083262532,0.1672230950510605
470,5.366528700890942,5.413012184313874,0.2163338997451147,0.16994795758051845
471,5.359377592746342,5.4160525869967335,0.22385301614273578,0.16660938727415553
472,5.365061431956068,5.413956531837805,0.2175499150382328,0.16892920267085623
473,5.359431048419988,5.421460785082917,0.2237946049277825,0.161086017282011
474,5.357335333066566,5.404670466237993,0.2259717502124044,0.1778034171249018
475,5.361955951975885,5.415825334947501,0.220767841971113,0.16644982325216023
476,5.356931887831643,5.416950930410357,0.22654524214103652,0.16636390416339356
477,5.362848660656225,5.422359320654798,0.22007221750212402,0.16123330714846817
478,5.366902766717929,5.4151502829879075,0.21522408666100254,0.16723536920659857
479,5.361737235238619,5.416606931544062,0.22169711129991504,0.16621661429693635
480,5.362163296815391,5.412094447150159,0.2213997451146984,0.1706475844461901
481,5.358708882554669,5.404505875573229,0.22467077315208156,0.1778034171249018
482,5.356767977063901,5.414110432809858,0.22625318606627018,0.1672230950510605
483,5.361398227192531,5.413373445396993,0.22066163976210704,0.16964110369206598
484,5.358270905396648,5.409571615617667,0.22402824978759558,0.1718136292223095
485,5.36008714693729,5.409612719692401,0.22289188615123195,0.17258690102120974
486,5.35580210284652,5.415511287860016,0.2267948173322005,0.1680822859387274
487,5.362199470484368,5.412951462304414,0.22048109600679694,0.17048802042419484
488,5.356790251152538,5.419191488579138,0.22672047578589635,0.1634917517674784
489,5.357544769750577,5.41235452267661,0.22520709430756158,0.17073350353495678
490,5.363258415293471,5.4149422360889945,0.2197695412064571,0.16752994893951295
491,5.357729560638142,5.41490182591908,0.2253823279524214,0.16761586802827966
492,5.360303384121333,5.41318751093167,0.22304587935429057,0.16862234878240379
493,5.362416923380343,5.416880771295348,0.22100679694137637,0.1657501963864886
494,5.363210490039576,5.41633596704967,0.2191854290569244,0.16613069520816967
495,5.367756808806803,5.412830786918526,0.21516036533559899,0.17079487431264728
496,5.361927890777588,5.414431749884762,0.22071474086661003,0.16792272191673213
497,5.363443776603057,5.414477512018005,0.21907391673746815,0.16894147682639435
498,5.364036303368684,5.4103473407119065,0.2189517841971113,0.17258690102120974
499,5.357280664354842,5.409201625567763,0.22537170773152082,0.17251325608798113
500,5.356851233723008,5.407726156177805,0.22624787595581988,0.17461213668499606
501,5.358539342434606,5.41275804078401,0.22496813933729823,0.17002160251374707
502,5.363735376340206,5.409800052642822,0.21877655055225148,0.1729796739984289
503,5.364403841428667,5.4192930335429175,0.21801720475785896,0.16295168892380205
504,5.355712974405734,5.409308052774685,0.2280161427357689,0.17344609190887667
505,5.364356391229362,5.4174928558406545,0.21871813933729822,0.16629025923016497
506,5.363434420790628,5.42311141028333,0.21965271877655054,0.1585943637077769
507,5.35825609224979,5.413016013245084,0.22509558198810534,0.16924833071484682
508,5.361277688106644,5.41532452070891,0.2213413338997451,0.16675667714061274
509,5.357418062085303,5.4140480489873175,0.22591333899745114,0.1693342498036135
510,5.359136103692456,5.415457714849444,0.22397514868309262,0.16761586802827966
511,5.363618701863512,5.411385575337197,0.21926508071367887,0.16987431264728986
512,5.358391825952262,5.409725285288113,0.22444774851316907,0.17220640219952868
513,5.359467528690802,5.406589401302053,0.22298746813933729,0.17717743519245874
514,5.36036327219455,5.4090338322653695,0.2226316907391674,0.17477170070699136
515,5.360767255765255,5.415181533614201,0.22203164825828375,0.16738265907305577
516,5.361311156727443,5.403869785479645,0.2215324978759558,0.17811027101335428
517,5.357852601559363,5.411155828789099,0.22521771452846218,0.17213275726630006
518,5.361997676564155,5.415962546619017,0.22094307561597282,0.166916241162608
519,5.360017383432834,5.4086848799862075,0.22227591333899746,0.1742193637077769
520,5.36312362813504,5.413991913866641,0.2193500424808836,0.16768951296150825
521,5.361851332120806,5.420226282148219,0.2207625318606627,0.16287804399057346
522,5.358245854065797,5.410448373253666,0.2239592183517417,0.172746465043205
523,5.357608534910969,5.411586733006719,0.22532922684791842,0.17104035742340928
524,5.357695844240277,5.411488070416806,0.2256106627017842,0.1708071484681854
525,5.360079308090923,5.414587842884348,0.22284940526762956,0.16800864100549884
526,5.36448967746485,5.4132971941535155,0.21861193712829227,0.16901512175962294
527,5.358774945446264,5.419563179585471,0.22404418011894647,0.1625589159465829
528,5.363246392758093,5.416711156047992,0.21930225148683094,0.16544334249803613
529,5.357671636064476,5.412646980427984,0.22573810535259134,0.16964110369206598
530,5.357314302319678,5.406407690759915,0.225838997451147,0.17726335428122544
531,5.360133268231543,5.4114431836711825,0.22286002548853018,0.1706475844461901
532,5.356715975966409,5.405766974634199,0.22567438402718776,0.1766373723487824
533,5.354577978080679,5.414766500245279,0.2282285471537808,0.16784907698350351
534,5.357253462354714,5.414856387608087,0.22532391673746813,0.16660938727415553
535,5.3571430848023605,5.41411388098304,0.22548853016142736,0.16878191280439905
536,5.359917600578237,5.407621437044286,0.22304056924384028,0.17577818146111546
537,5.361112504584767,5.412149553868308,0.22233963466440101,0.17003387666928513
538,5.36072855708755,5.407902322598358,0.22222812234494477,0.17375294579732914
539,5.357666873040601,5.410969399694187,0.22520709430756158,0.17235369206598586
540,5.355199711345066,5.413076425666239,0.2270656329651657,0.170267085624509
541,5.361369024258908,5.416506849118133,0.2215802888700085,0.16551698743126472
542,5.360600942986034,5.418278558930354,0.22198916737468138,0.16482963472113119
543,5.3651809888465385,5.404217364183113,0.21766673746813933,0.17835575412411625
544,5.364995099005298,5.41402159164201,0.21761363636363637,0.16862234878240379
545,5.366952352434676,5.417895199647591,0.21556924384027187,0.16404408876669285
546,5.366396845166928,5.414821179945077,0.21627017841971113,0.16807001178318934
547,5.359117607758424,5.411634519918641,0.22373619371282924,0.17088079340141396
548,5.364857759208323,5.423671690385733,0.21865972812234494,0.15922034564021995
549,5.360064703504616,5.4177997325783345,0.2235609600679694,0.16559063236449334
550,5.3611318392174265,5.415507252536603,0.22151125743415465,0.16668303220738412
551,5.357032318650005,5.406491966389898,0.22572748513169075,0.176711017282011
552,5.3562743186950685,5.407766253200929,0.2270656329651657,0.17515219952867245
553,5.3563779839845465,5.415361493381102,0.2264231096006797,0.16675667714061274
554,5.361303563875572,5.408649156342691,0.22170773152081563,0.17266054595443833
555,5.3566756186084215,5.417145099212874,0.22695412064570944,0.1656642772977219
556,5.361685708304432,5.4126628334842515,0.2212192013593883,0.17088079340141396
557,5.365075087324481,5.412883441839645,0.2181871282922685,0.16971474862529456
558,5.358905873343209,5.415912033906624,0.22455395072217502,0.16793499607227022
559,5.366196787468741,5.411957078905248,0.21638169073916738,0.1703284564021995
560,5.362301262294021,5.418597730238046,0.22018903993203057,0.16419137863315006
561,5.36738395690918,5.399309051570608,0.2153302888700085,0.1848856048703849
562,5.361337014670684,5.415617006928174,0.2211661002548853,0.16700216025137468
563,5.365841300465236,5.410559604417032,0.21643479184367034,0.17149450117831894
564,5.3598640762756915,5.413690446028069,0.2238105352591334,0.1683277690494894
565,5.3640850459303815,5.414410544865167,0.21878186066270178,0.16730901413982718
566,5.3623145807569275,5.413995209024914,0.22047047578589635,0.16815593087195602
567,5.364523468730606,5.402979541180739,0.21790569243840271,0.17974273369992144
568,5.371358264495279,5.412281278354018,0.2109016567544605,0.17041437549096622
569,5.365186793781887,5.416035968865922,0.2180862361937128,0.1656029065200314
570,5.358548223192447,5.408542636615127,0.22416100254885302,0.174231637863315
571,5.360202095887371,5.413576656313085,0.22270072217502124,0.16916241162608012
572,5.357617033307798,5.4096638266719985,0.22514337298215803,0.17360565593087196
573,5.357539484434039,5.413186653336482,0.2254301189464741,0.16940789473684212
574,5.3624215001257785,5.420986381929312,0.21988636363636363,0.16092645326001573
575,5.366253138034144,5.416908879778278,0.216732158028887,0.16621661429693635
576,5.363719034640589,5.424587744385449,0.2191270178419711,0.15836115475255302
577,5.3658177981866855,5.4201729048543905,0.21661533559898047,0.16325854281225452
578,5.355645087054957,5.407575016591086,0.22747982158028887,0.175471327572663
579,5.36331857877357,5.409175460018329,0.21924915038232795,0.17321288295365278
580,5.363727934115401,5.422767059126897,0.21959430756159729,0.15968676355066772
581,5.363730744335139,5.413009333966383,0.21943500424808834,0.17041437549096622
582,5.362266989734685,5.420288502280392,0.22028993203058625,0.1621784171249018
583,5.360893696045207,5.419215789481775,0.2221697111299915,0.16295168892380205
584,5.363214813660238,5.405099313650558,0.22001380628717077,0.17679693637077767
585,5.365475301653425,5.415995900310687,0.21749681393372983,0.16730901413982718
586,5.362980110845833,5.423306013221171,0.21948279524214104,0.1585943637077769
587,5.359007683869835,5.416945414756661,0.22374681393372983,0.16605705027494108
588,5.364270114007398,5.414427821315936,0.2183198810535259,0.16885555773762767
589,5.364473459653765,5.411441984461315,0.21853759558198813,0.17126129222309505
590,5.369816922695837,5.4132775477509,0.2128823279524214,0.16854870384917517
591,5.366505210199088,5.4043598281803416,0.21661533559898047,0.17857668892380205
592,5.364113221213082,5.416049822052913,0.21853228547153783,0.16684259622937941
593,5.3655744276314135,5.413478331779366,0.21684898045879356,0.17002160251374707
594,5.366318446007845,5.4157095560387,0.21672684791843672,0.16637617831893167
595,5.36565271003224,5.413958449861896,0.21732158028887,0.16784907698350351
596,5.36276167575444,5.406970504504531,0.22024214103653356,0.17523811861743913
597,5.363823816709429,5.40995042359651,0.218946474086661,0.17235369206598586
598,5.37508136267974,5.414601375807577,0.2084377655055225,0.16752994893951295
599,5.361379692933269,5.409850120544434,0.22164932030586235,0.1729796739984289
600,5.365786375954887,5.415353234134503,0.21680118946474086,0.16738265907305577
601,5.371545215856249,5.429395305576609,0.2116556924384027,0.15199086802827966
602,5.379289115477945,5.424648420134587,0.2031913763806287,0.15844707384131973
603,5.3786086733096115,5.417499997722569,0.2042480883602379,0.1657501963864886
604,5.384667655017888,5.426836540449911,0.19817332200509769,0.15486302042419484
605,5.389333783800357,5.42990226887945,0.19301720475785897,0.15292370384917517
606,5.391808073988584,5.42233024070512,0.1905108326253186,0.16054595443833464
607,5.389062703212845,5.4306308582647524,0.19296410365335598,0.1526168499607227
608,5.392110149882664,5.4335626879734775,0.19074447748513168,0.14802631578947367
609,5.395200395138464,5.434425912686248,0.1872982158028887,0.14973242340926946
610,5.403526528082161,5.4417057855805355,0.17906754460492777,0.14103004713275727
611,5.411985461511344,5.440975274612654,0.17059260832625317,0.14110369206598586
612,5.406751453542264,5.44600680692872,0.17615760407816483,0.13668499607227022
613,5.407850145179535,5.43698551049873,0.17435216652506372,0.14553466221523959
614,5.407186062536507,5.436482183968843,0.17567969413763806,0.14553466221523959
615,5.407165108440078,5.43931750397184,0.17470263381478335,0.14461410054988216
616,5.405980906085433,5.438481690278694,0.17725679694137636,0.14514188923802043
617,5.415239635360575,5.4485155326216965,0.16790569243840273,0.1344142772977219
618,5.418744511470616,5.441181431955366,0.16353547153780798,0.14164375490966222
619,5.4163701405035,5.449246527543709,0.16657285471537805,0.13380056952081695
620,5.418028035564958,5.442737824881255,0.16522939677145285,0.1407231932443048
621,5.422352840744447,5.447549649138949,0.16038657604078166,0.13511390416339356
622,5.406714076639336,5.439299672397215,0.17608326253186066,0.14366899057344856
623,5.399034871787668,5.428618943513329,0.1839050552251487,0.15323055773762767
624,5.394698229459959,5.424523759244093,0.18824872557349193,0.15821386488609585
625,5.398025027836595,5.430931368870522,0.18519541206457094,0.15121759622937941
626,5.398015053472786,5.444261269782906,0.18495114698385728,0.13839110369206598
627,5.403690454893023,5.4401646692361405,0.17859494477485133,0.14196288295365278
628,5.408060384910797,5.439512533928031,0.1744052676295667,0.14336213668499606
629,5.405532925151219,5.4453023334047685,0.17708156329651656,0.13729870384917517
630,5.402981135109875,5.4300352957711295,0.18005522514868308,0.15292370384917517
631,5.3954130261857935,5.433000126881386,0.18782391673746815,0.14996563236449334
632,5.4023305625559015,5.4413347279847555,0.18081457094307563,0.14110369206598586
633,5.398462540635439,5.434722807869982,0.18350148683092607,0.14879958758837392
634,5.392368358540757,5.423403223948692,0.19111087510620223,0.15907305577376274
635,5.3889207920181414,5.431536044647444,0.1933782922684792,0.1501988413197172
636,5.384439906895718,5.427917259842602,0.19804056924384028,0.1540038295365279
637,5.391918619102407,5.425194790114218,0.19045242141036534,0.15773517282010996
638,5.387655611127337,5.438994503732937,0.19496070518266778,0.1428957187745483
639,5.384097150998695,5.427809412799665,0.1985662701784197,0.15401610369206598
640,5.384406543446478,5.425840431184911,0.19862999150382327,0.15719510997643363
641,5.387070929447067,5.423726106757548,0.19646877655055225,0.1598340534171249
642,5.38895911724768,5.427952965693687,0.19348980458793544,0.15478937549096622
643,5.383524690610226,5.416483060637517,0.1988105352591334,0.1658238413197172
644,5.383728555875404,5.426561035327057,0.19951146983857262,0.15610271013354282
645,5.380133008511267,5.426091806212468,0.2019594307561597,0.15758788295365278
646,5.383777629103616,5.420151870642135,0.1990335598980459,0.16193293401413983
647,5.381422674767325,5.4160902998340665,0.2017895072217502,0.16784907698350351
648,5.378854668697464,5.421878800463321,0.2048640611724724,0.1597604084838963
649,5.381068414171166,5.422059902504309,0.20259133389974512,0.1597604084838963
650,5.388154745547571,5.423077458765969,0.1941376380628717,0.1584347996857816
651,5.37663931712926,5.429419090498739,0.20628717077315206,0.15199086802827966
652,5.381815983424677,5.420148337065284,0.20114167374681394,0.16295168892380205
653,5.3746613003383175,5.421949265608147,0.2084430756159728,0.1600795365278869
654,5.379583947012358,5.42182826640001,0.203249787595582,0.16115966221523959
655,5.375158030073219,5.419636512870219,0.20680756159728123,0.16271847996857816
656,5.3762028587198705,5.417852440876747,0.2075031860662702,0.1637249607227023
657,5.3798060729124835,5.4200685024261475,0.20250637213254036,0.16185928908091124
658,5.378713189775699,5.4186847387854735,0.20378079864061172,0.16185928908091124
659,5.3742981536366115,5.4253560856207095,0.20874575191163974,0.1585943637077769
660,5.373882061075942,5.423324407036625,0.20868734069668649,0.15945355459544383
661,5.373592114671369,5.4098089773263505,0.20919711129991503,0.17382659073055773
662,5.371511756148294,5.413811751266024,0.2106733220050977,0.17003387666928513
663,5.372496681569893,5.4174412008541735,0.20960067969413765,0.16442458758837392
664,5.374270600470427,5.413144695225046,0.2084908666100255,0.1695551846032993
665,5.372869046826229,5.411716240555493,0.21031223449447747,0.17079487431264728
666,5.375117844733122,5.4138388313464265,0.20769435004248088,0.16901512175962294
667,5.379448971792916,5.415515629213248,0.20313296516567544,0.1670758051846033
668,5.37260722579243,5.417223072763699,0.2098980458793543,0.1634917517674784
669,5.369918144974753,5.411938645946446,0.2127124044180119,0.17009524744697566
670,5.374327817364274,5.425066506684716,0.20855458793542905,0.15828750981932443
671,5.374079924431917,5.418499053414188,0.20855989804587935,0.16451050667714062
672,5.3766266234567235,5.420695290636661,0.20587298215802888,0.16162608012568735
673,5.381478300718504,5.418615526227809,0.20043011894647408,0.16325854281225452
674,5.378715855607362,5.418954190923206,0.2040569243840272,0.16295168892380205
675,5.37481065643168,5.41069772706103,0.20785365335598982,0.17188727415553812
676,5.370620793494108,5.4198997483324645,0.21253186066270177,0.1624116260801257
677,5.370682212793938,5.415822537977304,0.21246813933729822,0.1661429693637078
678,5.380331321074584,5.424757580258953,0.20264974511469838,0.15633591908876668
679,5.3805131225942455,5.417451936807206,0.2020337723024639,0.16489100549882169
680,5.379682350158691,5.4209918691151175,0.20289401019541206,0.16169972505891594
681,5.376352740671033,5.415743511114547,0.20587298215802888,0.16660938727415553
682,5.377159969828953,5.421824483729121,0.20558623619371283,0.16077916339355852
683,5.378367093344715,5.420883370869196,0.20470475785896347,0.16178564414768262
684,5.37219800414326,5.422057888401088,0.21041843670348345,0.1599199725058916
685,5.380320299451596,5.411915038948629,0.2021930756159728,0.17003387666928513
686,5.377223390062278,5.418626991670523,0.20574553950722177,0.1646577965435978
687,5.381430041232956,5.421903966078117,0.200785896346644,0.16169972505891594
688,5.377437359818789,5.421278786303392,0.2046410365335599,0.16053368028279655
689,5.371756861143023,5.41902324334899,0.21101847918436703,0.1634917517674784
690,5.380395250231306,5.415383534644967,0.20272939677145282,0.16761586802827966
691,5.375540191436483,5.418592364040773,0.20720581988105352,0.163565396700707
692,5.374950804665824,5.419601753576478,0.2072801614273577,0.16209249803613512
693,5.372495341078143,5.422439479116184,0.21031754460492777,0.15968676355066772
694,5.381777754453855,5.4165062726433595,0.20031860662701784,0.16637617831893167
695,5.377014744838822,5.419675022808473,0.2052782497875956,0.16286576983503534
696,5.37085305686309,5.417793373563397,0.2120698810535259,0.16544334249803613
697,5.378756944709849,5.419713952648106,0.2041896771452846,0.16296396307934014
698,5.378001263876942,5.414957971715215,0.20458262531860663,0.16675667714061274
699,5.374087978077826,5.416215964217685,0.2084855564995752,0.16729673998428907
